# JRE version: 7.0_10-b18
# Java VM: Java HotSpot(TM) 64-Bit Server VM (23.6-b04 mixed mode bsd-amd64 compressed oops)
Heap
 def new generation   total 3328K, used 606K [0x0000000108c40000, 0x0000000108fd0000, 0x000000010c590000)
  eden space 3008K,   9% used [0x0000000108c40000, 0x0000000108c87880, 0x0000000108f30000)
  from space 320K, 100% used [0x0000000108f30000, 0x0000000108f80000, 0x0000000108f80000)
  to   space 320K,   0% used [0x0000000108f80000, 0x0000000108f80000, 0x0000000108fd0000)
 tenured generation   total 7360K, used 966K [0x000000010c590000, 0x000000010ccc0000, 0x0000000113840000)
   the space 7360K,  13% used [0x000000010c590000, 0x000000010c681ab0, 0x000000010c681c00, 0x000000010ccc0000)
 compacting perm gen  total 21248K, used 5189K [0x0000000113840000, 0x0000000114d00000, 0x0000000118a40000)
   the space 21248K,  24% used [0x0000000113840000, 0x0000000113d51418, 0x0000000113d51600, 0x0000000114d00000)
GC Heap History (4 events):
Event: 0.284 GC heap before
{Heap before GC invocations=0 (full 0):
 def new generation   total 3328K, used 3008K [0x0000000108c40000, 0x0000000108fd0000, 0x000000010c590000)
  eden space 3008K, 100% used [0x0000000108c40000, 0x0000000108f30000, 0x0000000108f30000)
  from space 320K,   0% used [0x0000000108f30000, 0x0000000108f30000, 0x0000000108f80000)
  to   space 320K,   0% used [0x0000000108f80000, 0x0000000108f80000, 0x0000000108fd0000)
 tenured generation   total 7360K, used 0K [0x000000010c590000, 0x000000010ccc0000, 0x0000000113840000)
   the space 7360K,   0% used [0x000000010c590000, 0x000000010c590000, 0x000000010c590200, 0x000000010ccc0000)
 compacting perm gen  total 21248K, used 3330K [0x0000000113840000, 0x0000000114d00000, 0x0000000118a40000)
   the space 21248K,  15% used [0x0000000113840000, 0x0000000113b80be0, 0x0000000113b80c00, 0x0000000114d00000)
No shared spaces configured.
Event: 0.290 GC heap after
Heap after GC invocations=1 (full 0):
 def new generation   total 3328K, used 320K [0x0000000108c40000, 0x0000000108fd0000, 0x000000010c590000)
  eden space 3008K,   0% used [0x0000000108c40000, 0x0000000108c40000, 0x0000000108f30000)
  from space 320K, 100% used [0x0000000108f80000, 0x0000000108fd0000, 0x0000000108fd0000)
  to   space 320K,   0% used [0x0000000108f30000, 0x0000000108f30000, 0x0000000108f80000)
 tenured generation   total 7360K, used 386K [0x000000010c590000, 0x000000010ccc0000, 0x0000000113840000)
   the space 7360K,   5% used [0x000000010c590000, 0x000000010c5f0ba8, 0x000000010c5f0c00, 0x000000010ccc0000)
 compacting perm gen  total 21248K, used 3330K [0x0000000113840000, 0x0000000114d00000, 0x0000000118a40000)
   the space 21248K,  15% used [0x0000000113840000, 0x0000000113b80be0, 0x0000000113b80c00, 0x0000000114d00000)
No shared spaces configured.
}
Event: 0.690 GC heap before
{Heap before GC invocations=1 (full 0):
 def new generation   total 3328K, used 3328K [0x0000000108c40000, 0x0000000108fd0000, 0x000000010c590000)
  eden space 3008K, 100% used [0x0000000108c40000, 0x0000000108f30000, 0x0000000108f30000)
  from space 320K, 100% used [0x0000000108f80000, 0x0000000108fd0000, 0x0000000108fd0000)
  to   space 320K,   0% used [0x0000000108f30000, 0x0000000108f30000, 0x0000000108f80000)
 tenured generation   total 7360K, used 386K [0x000000010c590000, 0x000000010ccc0000, 0x0000000113840000)
   the space 7360K,   5% used [0x000000010c590000, 0x000000010c5f0ba8, 0x000000010c5f0c00, 0x000000010ccc0000)
 compacting perm gen  total 21248K, used 5136K [0x0000000113840000, 0x0000000114d00000, 0x0000000118a40000)
   the space 21248K,  24% used [0x0000000113840000, 0x0000000113d442a0, 0x0000000113d44400, 0x0000000114d00000)
No shared spaces configured.
Event: 0.697 GC heap after
Heap after GC invocations=2 (full 0):
 def new generation   total 3328K, used 320K [0x0000000108c40000, 0x0000000108fd0000, 0x000000010c590000)
  eden space 3008K,   0% used [0x0000000108c40000, 0x0000000108c40000, 0x0000000108f30000)
  from space 320K, 100% used [0x0000000108f30000, 0x0000000108f80000, 0x0000000108f80000)
  to   space 320K,   0% used [0x0000000108f80000, 0x0000000108f80000, 0x0000000108fd0000)
 tenured generation   total 7360K, used 966K [0x000000010c590000, 0x000000010ccc0000, 0x0000000113840000)
   the space 7360K,  13% used [0x000000010c590000, 0x000000010c681ab0, 0x000000010c681c00, 0x000000010ccc0000)
 compacting perm gen  total 21248K, used 5136K [0x0000000113840000, 0x0000000114d00000, 0x0000000118a40000)
   the space 21248K,  24% used [0x0000000113840000, 0x0000000113d442a0, 0x0000000113d44400, 0x0000000114d00000)
No shared spaces configured.
}

